<?xml version="1.0" encoding="UTF-8"?>
<testng-results ignored="0" total="5" passed="5" failed="0" skipped="0">
  <reporter-output>
  </reporter-output>
  <suite started-at="2023-01-27T19:00:57 IST" name="Testing Google Apps" finished-at="2023-01-27T19:01:08 IST" duration-ms="10849">
    <groups>
    </groups>
    <test started-at="2023-01-27T19:00:57 IST" name="Regression" finished-at="2023-01-27T19:01:08 IST" duration-ms="10849">
      <class name="com.lise.Test.GetPostPutDelete">
        <test-method is-config="true" signature="beforeSuite()[pri:0, instance:com.lise.Test.GetPostPutDelete@3da05287]" started-at="2023-01-27T19:00:56 IST" name="beforeSuite" finished-at="2023-01-27T19:00:57 IST" duration-ms="783" status="PASS">
          <reporter-output>
          </reporter-output>
        </test-method> <!-- beforeSuite -->
        <test-method signature="deleteTest()[pri:0, instance:com.lise.Test.GetPostPutDelete@3da05287]" started-at="2023-01-27T19:00:57 IST" name="deleteTest" finished-at="2023-01-27T19:01:01 IST" duration-ms="4402" status="PASS">
          <reporter-output>
          </reporter-output>
        </test-method> <!-- deleteTest -->
        <test-method signature="getAllTest()[pri:0, instance:com.lise.Test.GetPostPutDelete@3da05287]" started-at="2023-01-27T19:01:01 IST" name="getAllTest" finished-at="2023-01-27T19:01:02 IST" duration-ms="1050" status="PASS">
          <reporter-output>
          </reporter-output>
        </test-method> <!-- getAllTest -->
        <test-method signature="newBranchTest1()[pri:0, instance:com.lise.Test.GetPostPutDelete@3da05287]" started-at="2023-01-27T19:01:02 IST" name="newBranchTest1" finished-at="2023-01-27T19:01:02 IST" duration-ms="0" status="PASS">
          <reporter-output>
          </reporter-output>
        </test-method> <!-- newBranchTest1 -->
        <test-method signature="postTest()[pri:0, instance:com.lise.Test.GetPostPutDelete@3da05287]" started-at="2023-01-27T19:01:02 IST" name="postTest" finished-at="2023-01-27T19:01:04 IST" duration-ms="2184" status="PASS">
          <reporter-output>
          </reporter-output>
        </test-method> <!-- postTest -->
        <test-method signature="updateTest()[pri:0, instance:com.lise.Test.GetPostPutDelete@3da05287]" started-at="2023-01-27T19:01:04 IST" name="updateTest" finished-at="2023-01-27T19:01:08 IST" duration-ms="3168" status="PASS">
          <reporter-output>
          </reporter-output>
        </test-method> <!-- updateTest -->
      </class> <!-- com.lise.Test.GetPostPutDelete -->
    </test> <!-- Regression -->
  </suite> <!-- Testing Google Apps -->
</testng-results>
