<?xml version="1.0" encoding="UTF-8"?>
<testng-results ignored="0" total="4" passed="4" failed="0" skipped="0">
  <reporter-output>
  </reporter-output>
  <suite started-at="2023-01-13T19:43:09 IST" name="Testing Google Apps" finished-at="2023-01-13T19:43:20 IST" duration-ms="10656">
    <groups>
    </groups>
    <test started-at="2023-01-13T19:43:09 IST" name="Regression" finished-at="2023-01-13T19:43:20 IST" duration-ms="10656">
      <class name="com.lise.Test.GetPostPutDelete">
        <test-method is-config="true" signature="beforeSuite()[pri:0, instance:com.lise.Test.GetPostPutDelete@6ab7a896]" started-at="2023-01-13T19:43:09 IST" name="beforeSuite" finished-at="2023-01-13T19:43:09 IST" duration-ms="831" status="PASS">
          <reporter-output>
          </reporter-output>
        </test-method> <!-- beforeSuite -->
        <test-method signature="deleteTest()[pri:0, instance:com.lise.Test.GetPostPutDelete@6ab7a896]" started-at="2023-01-13T19:43:09 IST" name="deleteTest" finished-at="2023-01-13T19:43:14 IST" duration-ms="4506" status="PASS">
          <reporter-output>
          </reporter-output>
        </test-method> <!-- deleteTest -->
        <test-method signature="getAllTest()[pri:0, instance:com.lise.Test.GetPostPutDelete@6ab7a896]" started-at="2023-01-13T19:43:14 IST" name="getAllTest" finished-at="2023-01-13T19:43:15 IST" duration-ms="1207" status="PASS">
          <reporter-output>
          </reporter-output>
        </test-method> <!-- getAllTest -->
        <test-method signature="postTest()[pri:0, instance:com.lise.Test.GetPostPutDelete@6ab7a896]" started-at="2023-01-13T19:43:15 IST" name="postTest" finished-at="2023-01-13T19:43:18 IST" duration-ms="2453" status="PASS">
          <reporter-output>
          </reporter-output>
        </test-method> <!-- postTest -->
        <test-method signature="updateTest()[pri:0, instance:com.lise.Test.GetPostPutDelete@6ab7a896]" started-at="2023-01-13T19:43:18 IST" name="updateTest" finished-at="2023-01-13T19:43:20 IST" duration-ms="2445" status="PASS">
          <reporter-output>
          </reporter-output>
        </test-method> <!-- updateTest -->
      </class> <!-- com.lise.Test.GetPostPutDelete -->
    </test> <!-- Regression -->
  </suite> <!-- Testing Google Apps -->
</testng-results>
