<?xml version="1.0" encoding="UTF-8"?>
<!-- Generated by org.testng.reporters.JUnitXMLReporter -->
<testsuite ignored="0" hostname="Liseinfotechone" failures="0" tests="4" name="Regression" time="10.656" errors="0" timestamp="2023-01-13T19:43:20 IST">
  <testcase classname="com.lise.Test.GetPostPutDelete" name="deleteTest" time="4.506"/>
  <testcase classname="com.lise.Test.GetPostPutDelete" name="getAllTest" time="1.207"/>
  <testcase classname="com.lise.Test.GetPostPutDelete" name="postTest" time="2.453"/>
  <testcase classname="com.lise.Test.GetPostPutDelete" name="updateTest" time="2.445"/>
</testsuite> <!-- Regression -->
