<?xml version="1.0" encoding="UTF-8"?>
<!-- Generated by org.testng.reporters.JUnitXMLReporter -->
<testsuite ignored="0" hostname="Liseinfotechone" failures="0" tests="4" name="Regression" time="10.364" errors="0" timestamp="2023-01-25T20:49:56 IST">
  <testcase classname="com.lise.Test.GetPostPutDelete" name="deleteTest" time="4.287"/>
  <testcase classname="com.lise.Test.GetPostPutDelete" name="getAllTest" time="1.074"/>
  <testcase classname="com.lise.Test.GetPostPutDelete" name="postTest" time="2.057"/>
  <testcase classname="com.lise.Test.GetPostPutDelete" name="updateTest" time="2.898"/>
</testsuite> <!-- Regression -->
